#
# A fatal error has been detected by the Java Runtime Environment:
#
#  EXCEPTION_ACCESS_VIOLATION (0xc0000005) at pc=0x00007ffa3b5dc2fc, pid=31980, tid=8104
#
# JRE version: OpenJDK Runtime Environment Temurin-21.0.6+7 (21.0.6+7) (build 21.0.6+7-LTS)
# Java VM: OpenJDK 64-Bit Server VM Temurin-21.0.6+7 (21.0.6+7-LTS, mixed mode, sharing, tiered, compressed oops, compressed class ptrs, g1 gc, windows-amd64)
# Problematic frame:
# C  [awt.dll+0xdc2fc]
#
# No core dump will be written. Minidumps are not enabled by default on client versions of Windows
#
# If you would like to submit a bug report, please visit:
#   https://github.com/adoptium/adoptium-support/issues
# The crash happened outside the Java Virtual Machine in native code.
# See problematic frame for where to report the bug.
#

---------------  S U M M A R Y ------------

Command Line: -Dfile.encoding=UTF-8 -Dstdout.encoding=UTF-8 -Dstderr.encoding=UTF-8 -XX:+ShowCodeDetailsInExceptionMessages main.Main

Host: 12th Gen Intel(R) Core(TM) i5-1235U, 12 cores, 15G,  Windows 11 , 64 bit Build 26100 (10.0.26100.8328)
Time: Thu Jun 25 13:19:13 2026 Hora oficial do Brasil elapsed time: 6157.030304 seconds (0d 1h 42m 37s)

---------------  T H R E A D  ---------------

Current thread (0x000001ce6c308c80):  JavaThread "AWT-Windows" daemon [_thread_in_native, id=8104, stack(0x0000008a9bc00000,0x0000008a9bd00000) (1024K)]

Stack: [0x0000008a9bc00000,0x0000008a9bd00000],  sp=0x0000008a9bcfeb90,  free space=1018k
Native frames: (J=compiled Java code, j=interpreted, Vv=VM code, C=native code)
C  [awt.dll+0xdc2fc]

Java frames: (J=compiled Java code, j=interpreted, Vv=VM code)
j  sun.awt.windows.WToolkit.eventLoop()V+0 java.desktop@21.0.6
j  sun.awt.windows.WToolkit.run()V+50 java.desktop@21.0.6
j  java.lang.Thread.runWith(Ljava/lang/Object;Ljava/lang/Runnable;)V+5 java.base@21.0.6
j  java.lang.Thread.run()V+19 java.base@21.0.6
v  ~StubRoutines::call_stub 0x000001ce1720100d

siginfo: EXCEPTION_ACCESS_VIOLATION (0xc0000005), reading address 0x0000000000000004


Registers:
RAX=0x000001ce6da81330, RBX=0x000001ce6e16e610, RCX=0x0000000000000000, RDX=0x0000000000000000
RSP=0x0000008a9bcfeb90, RBP=0x0000008a9bcfec99, RSI=0x000001ce6e10cb80, RDI=0x0000000000000000
R8 =0x0000000000000001, R9 =0x0000008a9a374000, R10=0x0000000000000000, R11=0x0000000000000246
R12=0x0000000000000000, R13=0x0000000000000310, R14=0x0000000000000000, R15=0x0000000000000000
RIP=0x00007ffa3b5dc2fc, EFLAGS=0x0000000000010246

XMM[0]=0x0000000000000000 0x0000000000000000
XMM[1]=0x0000000000000000 0x0000000000000000
XMM[2]=0x0000000000000000 0x0000000000000000
XMM[3]=0x0000000000000000 0x0000000000000000
XMM[4]=0x0000000000000000 0x0000000000000000
XMM[5]=0x0000000000000000 0x0000000000000000
XMM[6]=0x0000000000000000 0x0000000000000000
XMM[7]=0x0000000000000000 0x0000000000000000
XMM[8]=0x0000000000000000 0x0000000000000000
XMM[9]=0x0000000000000000 0x0000000000000000
XMM[10]=0x0000000000000000 0x0000000000000000
XMM[11]=0x0000000000000000 0x0000000000000000
XMM[12]=0x0000000000000000 0x0000000000000000
XMM[13]=0x0000000000000000 0x0000000000000000
XMM[14]=0x0000000000000000 0x0000000000000000
XMM[15]=0x0000000000000000 0x0000000000000000
  MXCSR=0x00001fa0


Register to memory mapping:

RAX=0x000001ce6da81330 points into unknown readable memory: 0x0000000000000000 | 00 00 00 00 00 00 00 00
RBX=0x000001ce6e16e610 points into unknown readable memory: 0x000001ce6d6ba260 | 60 a2 6b 6d ce 01 00 00
RCX=0x0 is null
RDX=0x0 is null
RSP=0x0000008a9bcfeb90 is pointing into the stack for thread: 0x000001ce6c308c80
RBP=0x0000008a9bcfec99 is pointing into the stack for thread: 0x000001ce6c308c80
RSI=0x000001ce6e10cb80 points into unknown readable memory: 0x00007ffa3b60c8e0 | e0 c8 60 3b fa 7f 00 00
RDI=0x0 is null
R8 =0x0000000000000001 is an unknown value
R9 =0x0000008a9a374000 points into unknown readable memory: 0x0000000000000000 | 00 00 00 00 00 00 00 00
R10=0x0 is null
R11=0x0000000000000246 is an unknown value
R12=0x0 is null
R13=0x0000000000000310 is an unknown value
R14=0x0 is null
R15=0x0 is null

Top of Stack: (sp=0x0000008a9bcfeb90)
0x0000008a9bcfeb90:   00007ffa3b63a848 0000000000000000
0x0000008a9bcfeba0:   0000000000000000 000001ce6e10cb80
0x0000008a9bcfebb0:   0000000000000000 00007ffa3b597b6b
0x0000008a9bcfebc0:   0000000000000000 000001ce6e16e610
0x0000008a9bcfebd0:   000001ce6e16e610 0000000000000000
0x0000008a9bcfebe0:   000001ce6e10cb80 00007ffa3b597bb6
0x0000008a9bcfebf0:   00007ffa3b500000 0000000000000000
0x0000008a9bcfec00:   0000008a9bcfecf8 00007ffa8475ced8
0x0000008a9bcfec10:   000001ce6e10cb80 00007ffa3b594f08
0x0000008a9bcfec20:   000001ce6e10cb80 0000000000000000
0x0000008a9bcfec30:   00007ffa3b598090 00007ffa9fe0f6be
0x0000008a9bcfec40:   000001ce6c308c80 00007ffa9dc4c919
0x0000008a9bcfec50:   0000008a9bcfecf0 0000000000000001
0x0000008a9bcfec60:   0000000000000000 0000008a9bcfecf8
0x0000008a9bcfec70:   0000000000000000 0000000000000000
0x0000008a9bcfec80:   0000000000000000 000001ce6c309038
0x0000008a9bcfec90:   000001ce6e10cc20 0000000000000000
0x0000008a9bcfeca0:   0000000000000000 00009358039723ee
0x0000008a9bcfecb0:   0000000000000000 0000000000000000
0x0000008a9bcfecc0:   0000000000000000 0000000000000000
0x0000008a9bcfecd0:   0000000000000000 0000000000000310
0x0000008a9bcfece0:   0000000000000000 000001ce6e10cb80
0x0000008a9bcfecf0:   000001ce6e10cb80 00007ffa3b5e11fc
0x0000008a9bcfed00:   0000000000000000 0000574d31a866bc
0x0000008a9bcfed10:   0000e9c5415b9c56 0000000000000022
0x0000008a9bcfed20:   000000000000c1e7 0000000000000000
0x0000008a9bcfed30:   0000000000000000 00007ffa9dc1c569
0x0000008a9bcfed40:   0000000000000000 0000000000000001
0x0000008a9bcfed50:   0000000000000022 00007ffa9fe7047f
0x0000008a9bcfed60:   0000000000010b00 00007ffa9dc1d7ba
0x0000008a9bcfed70:   ffffffffffffffeb 00009358039722ce
0x0000008a9bcfed80:   000001ce0a676ca0 0000000000000000 

Instructions: (pc=0x00007ffa3b5dc2fc)
0x00007ffa3b5dc1fc:   2b fe 66 90 8b 04 0f 89 01 48 8d 49 04 48 83 ea
0x00007ffa3b5dc20c:   01 75 f1 45 85 e4 7e 11 4d 8b c4 33 d2 49 c1 e0
0x00007ffa3b5dc21c:   02 49 8b ce e8 69 0a 01 00 48 8b 03 45 33 c9 4d
0x00007ffa3b5dc22c:   8b c6 48 8b d5 48 8b cb ff 90 f8 06 00 00 48 8b
0x00007ffa3b5dc23c:   03 45 33 c9 4c 8b c6 49 8b d7 48 8b cb ff 90 f8
0x00007ffa3b5dc24c:   06 00 00 4c 8b 05 7a b1 06 00 48 8b cb 48 8b 15
0x00007ffa3b5dc25c:   50 b1 06 00 e8 8b f4 fb ff e9 5d ff ff ff 48 8d
0x00007ffa3b5dc26c:   15 2f 48 03 00 48 8b cb e8 55 f4 00 00 e9 58 ff
0x00007ffa3b5dc27c:   ff ff cc cc 48 89 5c 24 08 57 48 83 ec 20 8b f9
0x00007ffa3b5dc28c:   e8 bf ba f4 ff 48 8b d8 48 89 44 24 38 41 b8 01
0x00007ffa3b5dc29c:   00 00 00 8b d7 48 8b c8 e8 17 ba f4 ff 48 8b c8
0x00007ffa3b5dc2ac:   e8 8f fd ff ff 90 48 8b cb e8 56 bc f4 ff 90 48
0x00007ffa3b5dc2bc:   8b 5c 24 30 48 83 c4 20 5f c3 cc cc cc cc cc cc
0x00007ffa3b5dc2cc:   cc cc cc cc 48 89 5c 24 08 57 48 83 ec 20 8b f9
0x00007ffa3b5dc2dc:   e8 6f ba f4 ff 48 8b d8 48 89 44 24 38 41 b8 01
0x00007ffa3b5dc2ec:   00 00 00 8b d7 48 8b c8 e8 c7 b9 f4 ff 48 8b 08
0x00007ffa3b5dc2fc:   83 79 04 08 7e 04 33 ff eb 0b 48 8b 48 08 e8 91
0x00007ffa3b5dc30c:   7b fe ff 8b f8 48 8b cb e8 f7 bb f4 ff 90 8b c7
0x00007ffa3b5dc31c:   48 8b 5c 24 30 48 83 c4 20 5f c3 cc cc cc cc cc
0x00007ffa3b5dc32c:   cc cc cc cc 48 89 5c 24 08 48 89 74 24 10 48 89
0x00007ffa3b5dc33c:   7c 24 18 41 56 48 83 ec 30 41 8b f9 45 8b f0 48
0x00007ffa3b5dc34c:   8b f2 48 8b d9 e8 ba 8a 00 00 e8 25 ac ff ff 8b
0x00007ffa3b5dc35c:   44 24 68 89 44 24 20 44 8b 4c 24 60 44 8b c7 41
0x00007ffa3b5dc36c:   8b d6 48 8b cb e8 0a e6 ff ff 48 8b f8 48 85 c0
0x00007ffa3b5dc37c:   74 7f 48 8b 03 48 8b d6 48 8b cb ff 90 f8 00 00
0x00007ffa3b5dc38c:   00 48 8b d0 48 8b cb 48 85 c0 75 0e 48 8d 15 89
0x00007ffa3b5dc39c:   48 03 00 e8 2a f3 00 00 eb 57 48 8b 03 4c 8d 0d
0x00007ffa3b5dc3ac:   a0 48 03 00 4c 8d 05 b1 48 03 00 ff 90 08 01 00
0x00007ffa3b5dc3bc:   00 48 8b cb 48 85 c0 75 1a 48 8b 03 ff 90 88 00
0x00007ffa3b5dc3cc:   00 00 48 8d 15 9b 48 03 00 48 8b cb e8 f1 f2 00
0x00007ffa3b5dc3dc:   00 eb 1e 4c 8b cf 4c 8b c0 48 8b d6 e8 13 df fa
0x00007ffa3b5dc3ec:   ff 48 8b 03 48 8b d7 48 8b cb ff 90 b8 00 00 00 


Stack slot to memory mapping:

stack at sp + 0 slots: 0x00007ffa3b63a848 awt.dll
stack at sp + 1 slots: 0x0 is null
stack at sp + 2 slots: 0x0 is null
stack at sp + 3 slots: 0x000001ce6e10cb80 points into unknown readable memory: 0x00007ffa3b60c8e0 | e0 c8 60 3b fa 7f 00 00
stack at sp + 4 slots: 0x0 is null
stack at sp + 5 slots: 0x00007ffa3b597b6b awt.dll
stack at sp + 6 slots: 0x0 is null
stack at sp + 7 slots: 0x000001ce6e16e610 points into unknown readable memory: 0x000001ce6d6ba260 | 60 a2 6b 6d ce 01 00 00


---------------  P R O C E S S  ---------------

Threads class SMR info:
_java_thread_list=0x000001ce6d34ecd0, length=17, elements={
0x000001ce26d49520, 0x000001ce26d4ad90, 0x000001ce26d53b30, 0x000001ce26d548e0,
0x000001ce26d56200, 0x000001ce26d59240, 0x000001ce26d76300, 0x000001ce26d7a9c0,
0x000001ce6c1202a0, 0x000001ce6c125ee0, 0x000001ce6c303de0, 0x000001ce6c308620,
0x000001ce6c308c80, 0x000001ce6ce02730, 0x000001ce6cee8f60, 0x000001ce6d09e1c0,
0x000001ce6d09eee0
}

Java Threads: ( => current thread )
  0x000001ce26d49520 JavaThread "Reference Handler"          daemon [_thread_blocked, id=1152, stack(0x0000008a9b000000,0x0000008a9b100000) (1024K)]
  0x000001ce26d4ad90 JavaThread "Finalizer"                  daemon [_thread_blocked, id=3260, stack(0x0000008a9b100000,0x0000008a9b200000) (1024K)]
  0x000001ce26d53b30 JavaThread "Signal Dispatcher"          daemon [_thread_blocked, id=28764, stack(0x0000008a9b200000,0x0000008a9b300000) (1024K)]
  0x000001ce26d548e0 JavaThread "Attach Listener"            daemon [_thread_blocked, id=4004, stack(0x0000008a9b300000,0x0000008a9b400000) (1024K)]
  0x000001ce26d56200 JavaThread "Service Thread"             daemon [_thread_blocked, id=432, stack(0x0000008a9b400000,0x0000008a9b500000) (1024K)]
  0x000001ce26d59240 JavaThread "Monitor Deflation Thread"   daemon [_thread_blocked, id=25580, stack(0x0000008a9b500000,0x0000008a9b600000) (1024K)]
  0x000001ce26d76300 JavaThread "C2 CompilerThread0"         daemon [_thread_blocked, id=35112, stack(0x0000008a9b600000,0x0000008a9b700000) (1024K)]
  0x000001ce26d7a9c0 JavaThread "C1 CompilerThread0"         daemon [_thread_blocked, id=34468, stack(0x0000008a9b700000,0x0000008a9b800000) (1024K)]
  0x000001ce6c1202a0 JavaThread "Notification Thread"        daemon [_thread_blocked, id=35572, stack(0x0000008a9b800000,0x0000008a9b900000) (1024K)]
  0x000001ce6c125ee0 JavaThread "Common-Cleaner"             daemon [_thread_blocked, id=38248, stack(0x0000008a9b900000,0x0000008a9ba00000) (1024K)]
  0x000001ce6c303de0 JavaThread "Java2D Disposer"            daemon [_thread_blocked, id=22332, stack(0x0000008a9ba00000,0x0000008a9bb00000) (1024K)]
  0x000001ce6c308620 JavaThread "AWT-Shutdown"                      [_thread_blocked, id=20112, stack(0x0000008a9bb00000,0x0000008a9bc00000) (1024K)]
=>0x000001ce6c308c80 JavaThread "AWT-Windows"                daemon [_thread_in_native, id=8104, stack(0x0000008a9bc00000,0x0000008a9bd00000) (1024K)]
  0x000001ce6ce02730 JavaThread "AWT-EventQueue-0"                  [_thread_blocked, id=29232, stack(0x0000008a9be00000,0x0000008a9bf00000) (1024K)]
  0x000001ce6cee8f60 JavaThread "mysql-cj-abandoned-connection-cleanup" daemon [_thread_blocked, id=25156, stack(0x0000008a9bf00000,0x0000008a9c000000) (1024K)]
  0x000001ce6d09e1c0 JavaThread "TimerQueue"                 daemon [_thread_blocked, id=37104, stack(0x0000008a9cd00000,0x0000008a9ce00000) (1024K)]
  0x000001ce6d09eee0 JavaThread "DestroyJavaVM"                     [_thread_blocked, id=3308, stack(0x0000008a9a800000,0x0000008a9a900000) (1024K)]
Total: 17

Other Threads:
  0x000001ce26d2e230 VMThread "VM Thread"                           [id=1684, stack(0x0000008a9af00000,0x0000008a9b000000) (1024K)]
  0x000001ce26d18530 WatcherThread "VM Periodic Task Thread"        [id=3672, stack(0x0000008a9ae00000,0x0000008a9af00000) (1024K)]
  0x000001ce0c39ddf0 WorkerThread "GC Thread#0"                     [id=34180, stack(0x0000008a9a900000,0x0000008a9aa00000) (1024K)]
  0x000001ce6d0cc520 WorkerThread "GC Thread#1"                     [id=13356, stack(0x0000008a9c100000,0x0000008a9c200000) (1024K)]
  0x000001ce6d376030 WorkerThread "GC Thread#2"                     [id=22200, stack(0x0000008a9c200000,0x0000008a9c300000) (1024K)]
  0x000001ce6d3763d0 WorkerThread "GC Thread#3"                     [id=31716, stack(0x0000008a9c300000,0x0000008a9c400000) (1024K)]
  0x000001ce6d376770 WorkerThread "GC Thread#4"                     [id=23016, stack(0x0000008a9c400000,0x0000008a9c500000) (1024K)]
  0x000001ce6d376b10 WorkerThread "GC Thread#5"                     [id=19528, stack(0x0000008a9c500000,0x0000008a9c600000) (1024K)]
  0x000001ce6d1f5f80 WorkerThread "GC Thread#6"                     [id=17508, stack(0x0000008a9c600000,0x0000008a9c700000) (1024K)]
  0x000001ce6d2c24d0 WorkerThread "GC Thread#7"                     [id=11912, stack(0x0000008a9c700000,0x0000008a9c800000) (1024K)]
  0x000001ce6d294880 WorkerThread "GC Thread#8"                     [id=32780, stack(0x0000008a9c800000,0x0000008a9c900000) (1024K)]
  0x000001ce6d1d3510 WorkerThread "GC Thread#9"                     [id=25452, stack(0x0000008a9c900000,0x0000008a9ca00000) (1024K)]
  0x000001ce0c3ae9d0 ConcurrentGCThread "G1 Main Marker"            [id=3472, stack(0x0000008a9aa00000,0x0000008a9ab00000) (1024K)]
  0x000001ce0c3afce0 WorkerThread "G1 Conc#0"                       [id=26848, stack(0x0000008a9ab00000,0x0000008a9ac00000) (1024K)]
  0x000001ce6d8d4c50 WorkerThread "G1 Conc#1"                       [id=23144, stack(0x0000008a9cf00000,0x0000008a9d000000) (1024K)]
  0x000001ce6d8d4510 WorkerThread "G1 Conc#2"                       [id=23252, stack(0x0000008a9d000000,0x0000008a9d100000) (1024K)]
  0x000001ce26be61b0 ConcurrentGCThread "G1 Refine#0"               [id=3372, stack(0x0000008a9ac00000,0x0000008a9ad00000) (1024K)]
  0x000001ce26be7de0 ConcurrentGCThread "G1 Service"                [id=1792, stack(0x0000008a9ad00000,0x0000008a9ae00000) (1024K)]
Total: 18

Threads with active compile tasks:
Total: 0

VM state: not at safepoint (normal execution)

VM Mutex/Monitor currently owned by a thread: None

Heap address: 0x0000000704000000, size: 4032 MB, Compressed Oops mode: Zero based, Oop shift amount: 3

CDS archive(s) mapped at: [0x000001ce27000000-0x000001ce27c80000-0x000001ce27c80000), size 13107200, SharedBaseAddress: 0x000001ce27000000, ArchiveRelocationMode: 1.
Compressed class space mapped at: 0x000001ce28000000-0x000001ce68000000, reserved size: 1073741824
Narrow klass base: 0x000001ce27000000, Narrow klass shift: 0, Narrow klass range: 0x100000000

GC Precious Log:
 CardTable entry size: 512
 Card Set container configuration: InlinePtr #cards 4 size 8 Array Of Cards #cards 16 size 48 Howl #buckets 8 coarsen threshold 3686 Howl Bitmap #cards 512 size 80 coarsen threshold 460 Card regions per heap region 1 cards per card region 4096
 CPUs: 12 total, 12 available
 Memory: 16124M
 Large Page Support: Disabled
 NUMA Support: Disabled
 Compressed Oops: Enabled (Zero based)
 Heap Region Size: 2M
 Heap Min Capacity: 8M
 Heap Initial Capacity: 252M
 Heap Max Capacity: 4032M
 Pre-touch: Disabled
 Parallel Workers: 10
 Concurrent Workers: 3
 Concurrent Refinement Workers: 10
 Periodic GC: Disabled

Heap:
 garbage-first heap   total 40960K, used 11389K [0x0000000704000000, 0x0000000800000000)
  region size 2048K, 2 young (4096K), 1 survivors (2048K)
 Metaspace       used 22066K, committed 22400K, reserved 1114112K
  class space    used 2417K, committed 2560K, reserved 1048576K

Heap Regions: E=young(eden), S=young(survivor), O=old, HS=humongous(starts), HC=humongous(continues), CS=collection set, F=free, TAMS=top-at-mark-start, PB=parsable bottom
|   0|0x0000000704000000, 0x0000000704200000, 0x0000000704200000|100%| O|  |TAMS 0x0000000704000000| PB 0x0000000704000000| Untracked 
|   1|0x0000000704200000, 0x0000000704400000, 0x0000000704400000|100%|HS|  |TAMS 0x0000000704200000| PB 0x0000000704200000| Complete 
|   2|0x0000000704400000, 0x0000000704600000, 0x0000000704600000|100%|HC|  |TAMS 0x0000000704400000| PB 0x0000000704400000| Complete 
|   3|0x0000000704600000, 0x0000000704800000, 0x0000000704800000|100%| O|  |TAMS 0x0000000704600000| PB 0x0000000704600000| Untracked 
|   4|0x0000000704800000, 0x0000000704800000, 0x0000000704a00000|  0%| F|  |TAMS 0x0000000704800000| PB 0x0000000704800000| Untracked 
|   5|0x0000000704a00000, 0x0000000704b3d518, 0x0000000704c00000| 61%| O|  |TAMS 0x0000000704a00000| PB 0x0000000704a00000| Untracked 
|   6|0x0000000704c00000, 0x0000000704c00000, 0x0000000704e00000|  0%| F|  |TAMS 0x0000000704c00000| PB 0x0000000704c00000| Untracked 
|   7|0x0000000704e00000, 0x0000000704fe1f88, 0x0000000705000000| 94%| S|CS|TAMS 0x0000000704e00000| PB 0x0000000704e00000| Complete 
|   8|0x0000000705000000, 0x0000000705000000, 0x0000000705200000|  0%| F|  |TAMS 0x0000000705000000| PB 0x0000000705000000| Untracked 
|   9|0x0000000705200000, 0x0000000705200000, 0x0000000705400000|  0%| F|  |TAMS 0x0000000705200000| PB 0x0000000705200000| Untracked 
|  10|0x0000000705400000, 0x0000000705400000, 0x0000000705600000|  0%| F|  |TAMS 0x0000000705400000| PB 0x0000000705400000| Untracked 
|  11|0x0000000705600000, 0x0000000705600000, 0x0000000705800000|  0%| F|  |TAMS 0x0000000705600000| PB 0x0000000705600000| Untracked 
|  12|0x0000000705800000, 0x0000000705800000, 0x0000000705a00000|  0%| F|  |TAMS 0x0000000705800000| PB 0x0000000705800000| Untracked 
|  13|0x0000000705a00000, 0x0000000705a00000, 0x0000000705c00000|  0%| F|  |TAMS 0x0000000705a00000| PB 0x0000000705a00000| Untracked 
|  14|0x0000000705c00000, 0x0000000705c00000, 0x0000000705e00000|  0%| F|  |TAMS 0x0000000705c00000| PB 0x0000000705c00000| Untracked 
|  15|0x0000000705e00000, 0x0000000705e00000, 0x0000000706000000|  0%| F|  |TAMS 0x0000000705e00000| PB 0x0000000705e00000| Untracked 
|  16|0x0000000706000000, 0x0000000706000000, 0x0000000706200000|  0%| F|  |TAMS 0x0000000706000000| PB 0x0000000706000000| Untracked 
|  17|0x0000000706200000, 0x0000000706200000, 0x0000000706400000|  0%| F|  |TAMS 0x0000000706200000| PB 0x0000000706200000| Untracked 
| 118|0x0000000712c00000, 0x0000000712c00000, 0x0000000712e00000|  0%| F|  |TAMS 0x0000000712c00000| PB 0x0000000712c00000| Untracked 
| 125|0x0000000713a00000, 0x0000000713b6b608, 0x0000000713c00000| 70%| E|  |TAMS 0x0000000713a00000| PB 0x0000000713a00000| Complete 

Card table byte_map: [0x000001ce1fa00000,0x000001ce201e0000] _byte_map_base: 0x000001ce1c1e0000

Marking Bits: (CMBitMap*) 0x000001ce0c39e4f0
 Bits: [0x000001ce201e0000, 0x000001ce240e0000)

Polling page: 0x000001ce0a130000

Metaspace:

Usage:
  Non-class:     19.19 MB used.
      Class:      2.36 MB used.
       Both:     21.55 MB used.

Virtual space:
  Non-class space:       64.00 MB reserved,      19.38 MB ( 30%) committed,  1 nodes.
      Class space:        1.00 GB reserved,       2.50 MB ( <1%) committed,  1 nodes.
             Both:        1.06 GB reserved,      21.88 MB (  2%) committed. 

Chunk freelists:
   Non-Class:  12.42 MB
       Class:  13.55 MB
        Both:  25.97 MB

MaxMetaspaceSize: unlimited
CompressedClassSpaceSize: 1.00 GB
Initial GC threshold: 21.00 MB
Current GC threshold: 35.25 MB
CDS: on
 - commit_granule_bytes: 65536.
 - commit_granule_words: 8192.
 - virtual_space_node_default_size: 8388608.
 - enlarge_chunks_in_place: 1.
 - use_allocation_guard: 0.


Internal statistics:

num_allocs_failed_limit: 3.
num_arena_births: 198.
num_arena_deaths: 0.
num_vsnodes_births: 2.
num_vsnodes_deaths: 0.
num_space_committed: 350.
num_space_uncommitted: 0.
num_chunks_returned_to_freelist: 3.
num_chunks_taken_from_freelist: 469.
num_chunk_merges: 0.
num_chunk_splits: 284.
num_chunks_enlarged: 175.
num_inconsistent_stats: 0.

CodeHeap 'non-profiled nmethods': size=120000Kb used=2166Kb max_used=2166Kb free=117833Kb
 bounds [0x000001ce177a0000, 0x000001ce17a10000, 0x000001ce1ecd0000]
CodeHeap 'profiled nmethods': size=120000Kb used=6380Kb max_used=6380Kb free=113619Kb
 bounds [0x000001ce0fcd0000, 0x000001ce10310000, 0x000001ce17200000]
CodeHeap 'non-nmethods': size=5760Kb used=1749Kb max_used=1813Kb free=4010Kb
 bounds [0x000001ce17200000, 0x000001ce17470000, 0x000001ce177a0000]
 total_blobs=4334 nmethods=3559 adapters=678
 compilation: enabled
              stopped_count=0, restarted_count=0
 full_count=0

Compilation events (20 events):
Event: 3169.231 Thread 0x000001ce26d76300 3546       4       java.awt.EventQueue::postEvent (172 bytes)
Event: 3169.264 Thread 0x000001ce26d76300 nmethod 3546 0x000001ce179b2510 code [0x000001ce179b2800, 0x000001ce179b3fb0]
Event: 3427.662 Thread 0x000001ce26d76300 3547       4       java.awt.EventQueue$4::run (60 bytes)
Event: 3427.680 Thread 0x000001ce26d76300 nmethod 3547 0x000001ce179b4b10 code [0x000001ce179b4da0, 0x000001ce179b59f8]
Event: 3654.300 Thread 0x000001ce26d76300 3548   !   4       java.util.concurrent.locks.AbstractQueuedSynchronizer::acquire (424 bytes)
Event: 3654.319 Thread 0x000001ce26d76300 nmethod 3548 0x000001ce179b6190 code [0x000001ce179b6400, 0x000001ce179b7418]
Event: 3664.945 Thread 0x000001ce26d76300 3549   !   4       sun.awt.PostEventQueue::flush (168 bytes)
Event: 3664.955 Thread 0x000001ce26d76300 nmethod 3549 0x000001ce179b7a90 code [0x000001ce179b7c80, 0x000001ce179b8868]
Event: 4534.952 Thread 0x000001ce26d76300 3550       4       java.lang.String::replace (42 bytes)
Event: 4534.976 Thread 0x000001ce26d76300 nmethod 3550 0x000001ce179b8b10 code [0x000001ce179b8ce0, 0x000001ce179b93f8]
Event: 4813.552 Thread 0x000001ce26d76300 3551       4       java.awt.EventQueue::dispatchEvent (80 bytes)
Event: 4813.577 Thread 0x000001ce26d76300 nmethod 3551 0x000001ce179b9790 code [0x000001ce179b9a60, 0x000001ce179baa58]
Event: 4814.933 Thread 0x000001ce26d76300 3552   !   4       java.awt.EventQueue::postEventPrivate (104 bytes)
Event: 4814.943 Thread 0x000001ce26d76300 nmethod 3552 0x000001ce179bb590 code [0x000001ce179bb7a0, 0x000001ce179bbda0]
Event: 5296.807 Thread 0x000001ce26d76300 3553       4       java.util.LinkedHashMap::sequencedValues (31 bytes)
Event: 5296.808 Thread 0x000001ce26d76300 nmethod 3553 0x000001ce179bc210 code [0x000001ce179bc3a0, 0x000001ce179bc470]
Event: 6154.081 Thread 0x000001ce26d7a9c0 3554       3       sun.awt.AWTAutoShutdown::notifyToolkitThreadBusy (8 bytes)
Event: 6154.081 Thread 0x000001ce26d7a9c0 nmethod 3554 0x000001ce10309310 code [0x000001ce103094c0, 0x000001ce10309648]
Event: 6154.484 Thread 0x000001ce26d7a9c0 3555       3       sun.awt.AWTAutoShutdown::notifyToolkitThreadFree (8 bytes)
Event: 6154.485 Thread 0x000001ce26d7a9c0 nmethod 3555 0x000001ce10309710 code [0x000001ce103098c0, 0x000001ce10309a48]

GC Heap History (14 events):
Event: 1.123 GC heap before
{Heap before GC invocations=0 (full 0):
 garbage-first heap   total 258048K, used 22528K [0x0000000704000000, 0x0000000800000000)
  region size 2048K, 11 young (22528K), 0 survivors (0K)
 Metaspace       used 14944K, committed 15168K, reserved 1114112K
  class space    used 1683K, committed 1792K, reserved 1048576K
}
Event: 1.130 GC heap after
{Heap after GC invocations=1 (full 0):
 garbage-first heap   total 258048K, used 5315K [0x0000000704000000, 0x0000000800000000)
  region size 2048K, 2 young (4096K), 2 survivors (4096K)
 Metaspace       used 14944K, committed 15168K, reserved 1114112K
  class space    used 1683K, committed 1792K, reserved 1048576K
}
Event: 2.605 GC heap before
{Heap before GC invocations=1 (full 0):
 garbage-first heap   total 258048K, used 21699K [0x0000000704000000, 0x0000000800000000)
  region size 2048K, 9 young (18432K), 2 survivors (4096K)
 Metaspace       used 21259K, committed 21504K, reserved 1114112K
  class space    used 2383K, committed 2560K, reserved 1048576K
}
Event: 2.610 GC heap after
{Heap after GC invocations=2 (full 0):
 garbage-first heap   total 258048K, used 11554K [0x0000000704000000, 0x0000000800000000)
  region size 2048K, 1 young (2048K), 1 survivors (2048K)
 Metaspace       used 21259K, committed 21504K, reserved 1114112K
  class space    used 2383K, committed 2560K, reserved 1048576K
}
Event: 937.549 GC heap before
{Heap before GC invocations=3 (full 0):
 garbage-first heap   total 40960K, used 34082K [0x0000000704000000, 0x0000000800000000)
  region size 2048K, 12 young (24576K), 1 survivors (2048K)
 Metaspace       used 22039K, committed 22336K, reserved 1114112K
  class space    used 2412K, committed 2560K, reserved 1048576K
}
Event: 937.559 GC heap after
{Heap after GC invocations=4 (full 0):
 garbage-first heap   total 40960K, used 11677K [0x0000000704000000, 0x0000000800000000)
  region size 2048K, 1 young (2048K), 1 survivors (2048K)
 Metaspace       used 22039K, committed 22336K, reserved 1114112K
  class space    used 2412K, committed 2560K, reserved 1048576K
}
Event: 1812.114 GC heap before
{Heap before GC invocations=4 (full 0):
 garbage-first heap   total 40960K, used 30109K [0x0000000704000000, 0x0000000800000000)
  region size 2048K, 10 young (20480K), 1 survivors (2048K)
 Metaspace       used 22042K, committed 22336K, reserved 1114112K
  class space    used 2412K, committed 2560K, reserved 1048576K
}
Event: 1812.123 GC heap after
{Heap after GC invocations=5 (full 0):
 garbage-first heap   total 40960K, used 11463K [0x0000000704000000, 0x0000000800000000)
  region size 2048K, 1 young (2048K), 1 survivors (2048K)
 Metaspace       used 22042K, committed 22336K, reserved 1114112K
  class space    used 2412K, committed 2560K, reserved 1048576K
}
Event: 2732.273 GC heap before
{Heap before GC invocations=5 (full 0):
 garbage-first heap   total 40960K, used 29895K [0x0000000704000000, 0x0000000800000000)
  region size 2048K, 10 young (20480K), 1 survivors (2048K)
 Metaspace       used 22042K, committed 22336K, reserved 1114112K
  class space    used 2412K, committed 2560K, reserved 1048576K
}
Event: 2732.282 GC heap after
{Heap after GC invocations=6 (full 0):
 garbage-first heap   total 40960K, used 11370K [0x0000000704000000, 0x0000000800000000)
  region size 2048K, 1 young (2048K), 1 survivors (2048K)
 Metaspace       used 22042K, committed 22336K, reserved 1114112K
  class space    used 2412K, committed 2560K, reserved 1048576K
}
Event: 4204.023 GC heap before
{Heap before GC invocations=6 (full 0):
 garbage-first heap   total 40960K, used 31850K [0x0000000704000000, 0x0000000800000000)
  region size 2048K, 11 young (22528K), 1 survivors (2048K)
 Metaspace       used 22042K, committed 22336K, reserved 1114112K
  class space    used 2412K, committed 2560K, reserved 1048576K
}
Event: 4204.031 GC heap after
{Heap after GC invocations=7 (full 0):
 garbage-first heap   total 40960K, used 11509K [0x0000000704000000, 0x0000000800000000)
  region size 2048K, 1 young (2048K), 1 survivors (2048K)
 Metaspace       used 22042K, committed 22336K, reserved 1114112K
  class space    used 2412K, committed 2560K, reserved 1048576K
}
Event: 6073.820 GC heap before
{Heap before GC invocations=7 (full 0):
 garbage-first heap   total 40960K, used 34037K [0x0000000704000000, 0x0000000800000000)
  region size 2048K, 12 young (24576K), 1 survivors (2048K)
 Metaspace       used 22042K, committed 22336K, reserved 1114112K
  class space    used 2412K, committed 2560K, reserved 1048576K
}
Event: 6073.827 GC heap after
{Heap after GC invocations=8 (full 0):
 garbage-first heap   total 40960K, used 11389K [0x0000000704000000, 0x0000000800000000)
  region size 2048K, 1 young (2048K), 1 survivors (2048K)
 Metaspace       used 22042K, committed 22336K, reserved 1114112K
  class space    used 2412K, committed 2560K, reserved 1048576K
}

Dll operation events (11 events):
Event: 0.024 Loaded shared library C:\Users\roger\.p2\pool\plugins\org.eclipse.justj.openjdk.hotspot.jre.full.win32.x86_64_21.0.6.v20250130-0529\jre\bin\java.dll
Event: 0.064 Loaded shared library C:\Users\roger\.p2\pool\plugins\org.eclipse.justj.openjdk.hotspot.jre.full.win32.x86_64_21.0.6.v20250130-0529\jre\bin\zip.dll
Event: 0.084 Loaded shared library C:\Users\roger\.p2\pool\plugins\org.eclipse.justj.openjdk.hotspot.jre.full.win32.x86_64_21.0.6.v20250130-0529\jre\bin\net.dll
Event: 0.086 Loaded shared library C:\Users\roger\.p2\pool\plugins\org.eclipse.justj.openjdk.hotspot.jre.full.win32.x86_64_21.0.6.v20250130-0529\jre\bin\nio.dll
Event: 0.088 Loaded shared library C:\Users\roger\.p2\pool\plugins\org.eclipse.justj.openjdk.hotspot.jre.full.win32.x86_64_21.0.6.v20250130-0529\jre\bin\zip.dll
Event: 0.256 Loaded shared library C:\Users\roger\.p2\pool\plugins\org.eclipse.justj.openjdk.hotspot.jre.full.win32.x86_64_21.0.6.v20250130-0529\jre\bin\jimage.dll
Event: 0.261 Loaded shared library C:\Users\roger\.p2\pool\plugins\org.eclipse.justj.openjdk.hotspot.jre.full.win32.x86_64_21.0.6.v20250130-0529\jre\bin\awt.dll
Event: 0.824 Loaded shared library C:\Users\roger\.p2\pool\plugins\org.eclipse.justj.openjdk.hotspot.jre.full.win32.x86_64_21.0.6.v20250130-0529\jre\bin\extnet.dll
Event: 0.958 Loaded shared library C:\Users\roger\.p2\pool\plugins\org.eclipse.justj.openjdk.hotspot.jre.full.win32.x86_64_21.0.6.v20250130-0529\jre\bin\sunmscapi.dll
Event: 1.461 Loaded shared library C:\Users\roger\.p2\pool\plugins\org.eclipse.justj.openjdk.hotspot.jre.full.win32.x86_64_21.0.6.v20250130-0529\jre\bin\freetype.dll
Event: 1.462 Loaded shared library C:\Users\roger\.p2\pool\plugins\org.eclipse.justj.openjdk.hotspot.jre.full.win32.x86_64_21.0.6.v20250130-0529\jre\bin\fontmanager.dll

Deoptimization events (20 events):
Event: 3083.788 Thread 0x000001ce6ce02730 Uncommon trap: trap_request=0xffffff45 fr.pc=0x000001ce1792499c relative=0x0000000000004b3c
Event: 3083.788 Thread 0x000001ce6ce02730 Uncommon trap: reason=unstable_if action=reinterpret pc=0x000001ce1792499c method=java.awt.EventQueue.getAccessControlContextFrom(Ljava/lang/Object;)Ljava/security/AccessControlContext; @ 4 c2
Event: 3083.788 Thread 0x000001ce6ce02730 DEOPT PACKING pc=0x000001ce1792499c sp=0x0000008a9befef00
Event: 3083.788 Thread 0x000001ce6ce02730 DEOPT UNPACKING pc=0x000001ce172546a2 sp=0x0000008a9befeed8 mode 2
Event: 3083.789 Thread 0x000001ce6ce02730 Uncommon trap: trap_request=0xffffffde fr.pc=0x000001ce1791edc0 relative=0x00000000000007e0
Event: 3083.789 Thread 0x000001ce6ce02730 Uncommon trap: reason=class_check action=maybe_recompile pc=0x000001ce1791edc0 method=java.awt.EventQueue.setCurrentEventAndMostRecentTimeImpl(Ljava/awt/AWTEvent;)V @ 134 c2
Event: 3083.789 Thread 0x000001ce6ce02730 DEOPT PACKING pc=0x000001ce1791edc0 sp=0x0000008a9befe8a0
Event: 3083.789 Thread 0x000001ce6ce02730 DEOPT UNPACKING pc=0x000001ce172546a2 sp=0x0000008a9befe860 mode 2
Event: 3083.789 Thread 0x000001ce6ce02730 Uncommon trap: trap_request=0xffffff45 fr.pc=0x000001ce1793158c relative=0x000000000000006c
Event: 3083.789 Thread 0x000001ce6ce02730 Uncommon trap: reason=unstable_if action=reinterpret pc=0x000001ce1793158c method=java.awt.EventQueue.getAccessControlContextFrom(Ljava/lang/Object;)Ljava/security/AccessControlContext; @ 4 c2
Event: 3083.789 Thread 0x000001ce6ce02730 DEOPT PACKING pc=0x000001ce1793158c sp=0x0000008a9befef40
Event: 3083.789 Thread 0x000001ce6ce02730 DEOPT UNPACKING pc=0x000001ce172546a2 sp=0x0000008a9befeed0 mode 2
Event: 3083.789 Thread 0x000001ce6ce02730 Uncommon trap: trap_request=0xffffffde fr.pc=0x000001ce1791edc0 relative=0x00000000000007e0
Event: 3083.789 Thread 0x000001ce6ce02730 Uncommon trap: reason=class_check action=maybe_recompile pc=0x000001ce1791edc0 method=java.awt.EventQueue.setCurrentEventAndMostRecentTimeImpl(Ljava/awt/AWTEvent;)V @ 134 c2
Event: 3083.789 Thread 0x000001ce6ce02730 DEOPT PACKING pc=0x000001ce1791edc0 sp=0x0000008a9befe8a0
Event: 3083.789 Thread 0x000001ce6ce02730 DEOPT UNPACKING pc=0x000001ce172546a2 sp=0x0000008a9befe860 mode 2
Event: 6157.019 Thread 0x000001ce6ce02730 Uncommon trap: trap_request=0xffffffc6 fr.pc=0x000001ce1799d294 relative=0x0000000000006434
Event: 6157.019 Thread 0x000001ce6ce02730 Uncommon trap: reason=bimorphic_or_optimized_type_check action=maybe_recompile pc=0x000001ce1799d294 method=java.awt.event.InvocationEvent.dispatch()V @ 47 c2
Event: 6157.020 Thread 0x000001ce6ce02730 DEOPT PACKING pc=0x000001ce1799d294 sp=0x0000008a9befedf0
Event: 6157.020 Thread 0x000001ce6ce02730 DEOPT UNPACKING pc=0x000001ce172546a2 sp=0x0000008a9befee58 mode 2

Classes loaded (20 events):
Event: 2.623 Loading class sun/java2d/marlin/Helpers
Event: 2.623 Loading class sun/java2d/marlin/Helpers done
Event: 2.987 Loading class java/awt/event/MouseEvent$1
Event: 2.987 Loading class sun/awt/AWTAccessor$MouseEventAccessor
Event: 2.987 Loading class sun/awt/AWTAccessor$MouseEventAccessor done
Event: 2.987 Loading class java/awt/event/MouseEvent$1 done
Event: 2.988 Loading class java/awt/Cursor$CursorDisposer
Event: 2.988 Loading class java/awt/Cursor$CursorDisposer done
Event: 2.988 Loading class java/awt/Container$MouseEventTargetFilter
Event: 2.988 Loading class java/awt/Container$EventTargetFilter
Event: 2.988 Loading class java/awt/Container$EventTargetFilter done
Event: 2.988 Loading class java/awt/Container$MouseEventTargetFilter done
Event: 2.988 Loading class java/awt/LightweightDispatcher$1
Event: 2.988 Loading class java/awt/LightweightDispatcher$1 done
Event: 2.989 Loading class java/awt/event/MouseWheelEvent
Event: 2.989 Loading class java/awt/event/MouseWheelEvent done
Event: 3.587 Loading class java/awt/LightweightDispatcher$2
Event: 3.587 Loading class java/awt/LightweightDispatcher$2 done
Event: 884.336 Loading class java/security/DomainCombiner
Event: 884.336 Loading class java/security/DomainCombiner done

Classes unloaded (0 events):
No events

Classes redefined (0 events):
No events

Internal exceptions (20 events):
Event: 0.471 Thread 0x000001ce09f7e410 Exception <a 'java/lang/IncompatibleClassChangeError'{0x000000071341f2c0}: Found class java.lang.Object, but interface was expected> (0x000000071341f2c0) 
thrown [s\src\hotspot\share\interpreter\linkResolver.cpp, line 840]
Event: 0.485 Thread 0x000001ce09f7e410 Exception <a 'java/lang/ClassNotFoundException'{0x0000000713462098}: net/miginfocom/layout/UnitValueCustomizer> (0x0000000713462098) 
thrown [s\src\hotspot\share\classfile\systemDictionary.cpp, line 312]
Event: 0.487 Thread 0x000001ce09f7e410 Exception <a 'java/lang/ClassNotFoundException'{0x00000007134761a0}: java/lang/ObjectCustomizer> (0x00000007134761a0) 
thrown [s\src\hotspot\share\classfile\systemDictionary.cpp, line 312]
Event: 0.488 Thread 0x000001ce09f7e410 Exception <a 'java/lang/ClassNotFoundException'{0x000000071347aac8}: net/miginfocom/layout/BoundSizeCustomizer> (0x000000071347aac8) 
thrown [s\src\hotspot\share\classfile\systemDictionary.cpp, line 312]
Event: 0.565 Thread 0x000001ce6c365f50 Exception <a 'java/lang/NoSuchMethodError'{0x0000000713295a78}: 'java.lang.Object java.lang.invoke.DirectMethodHandle$Holder.newInvokeSpecial(java.lang.Object, java.lang.Object, java.lang.Object, int, int, int, int, int)'> (0x0000000713295a78) 
thrown [s\src\hotspot\share\interpreter\linkResolver.cpp, line 773]
Event: 0.685 Thread 0x000001ce09f7e410 Exception <a 'java/lang/NoSuchMethodError'{0x000000071306df60}: 'void java.lang.invoke.DirectMethodHandle$Holder.invokeStatic(java.lang.Object, java.lang.Object)'> (0x000000071306df60) 
thrown [s\src\hotspot\share\interpreter\linkResolver.cpp, line 773]
Event: 0.735 Thread 0x000001ce09f7e410 Exception <a 'java/lang/NoSuchMethodError'{0x0000000712e3f8a0}: 'void java.lang.invoke.DirectMethodHandle$Holder.invokeStatic(java.lang.Object, java.lang.Object, java.lang.Object)'> (0x0000000712e3f8a0) 
thrown [s\src\hotspot\share\interpreter\linkResolver.cpp, line 773]
Event: 0.736 Thread 0x000001ce09f7e410 Exception <a 'java/lang/NoSuchMethodError'{0x0000000712e4bcc8}: 'java.lang.Object java.lang.invoke.DirectMethodHandle$Holder.invokeVirtual(java.lang.Object, java.lang.Object, java.lang.Object)'> (0x0000000712e4bcc8) 
thrown [s\src\hotspot\share\interpreter\linkResolver.cpp, line 773]
Event: 0.924 Thread 0x000001ce09f7e410 Exception <a 'java/lang/NoSuchMethodError'{0x0000000712842950}: 'void java.lang.invoke.DirectMethodHandle$Holder.invokeStaticInit(java.lang.Object, java.lang.Object)'> (0x0000000712842950) 
thrown [s\src\hotspot\share\interpreter\linkResolver.cpp, line 773]
Event: 0.987 Thread 0x000001ce09f7e410 Exception <a 'sun/nio/fs/WindowsException'{0x00000007129c7860}> (0x00000007129c7860) 
thrown [s\src\hotspot\share\prims\jni.cpp, line 520]
Event: 1.066 Thread 0x000001ce09f7e410 Exception <a 'java/lang/NoSuchMethodError'{0x0000000712697098}: 'java.lang.Object java.lang.invoke.DirectMethodHandle$Holder.invokeStaticInit(java.lang.Object, int, int, int, int)'> (0x0000000712697098) 
thrown [s\src\hotspot\share\interpreter\linkResolver.cpp, line 773]
Event: 1.094 Thread 0x000001ce09f7e410 Exception <a 'java/lang/NoSuchMethodError'{0x0000000712746020}: 'java.lang.Object java.lang.invoke.DirectMethodHandle$Holder.invokeStaticInit(java.lang.Object, java.lang.Object, int, int, int, int)'> (0x0000000712746020) 
thrown [s\src\hotspot\share\interpreter\linkResolver.cpp, line 773]
Event: 1.141 Thread 0x000001ce09f7e410 Exception <a 'java/lang/NoSuchMethodError'{0x0000000713a43630}: 'int java.lang.invoke.DirectMethodHandle$Holder.invokeSpecial(java.lang.Object, java.lang.Object, java.lang.Object)'> (0x0000000713a43630) 
thrown [s\src\hotspot\share\interpreter\linkResolver.cpp, line 773]
Event: 1.241 Thread 0x000001ce09f7e410 Exception <a 'java/lang/NoSuchMethodError'{0x000000071383b9e0}: 'void java.lang.invoke.DirectMethodHandle$Holder.invokeVirtual(java.lang.Object, java.lang.Object)'> (0x000000071383b9e0) 
thrown [s\src\hotspot\share\interpreter\linkResolver.cpp, line 773]
Event: 1.309 Thread 0x000001ce09f7e410 Exception <a 'java/lang/NoSuchMethodError'{0x00000007139c9218}: 'void java.lang.invoke.DirectMethodHandle$Holder.invokeStatic(java.lang.Object, java.lang.Object, java.lang.Object, java.lang.Object)'> (0x00000007139c9218) 
thrown [s\src\hotspot\share\interpreter\linkResolver.cpp, line 773]
Event: 1.328 Thread 0x000001ce09f7e410 Exception <a 'java/lang/NoSuchMethodError'{0x0000000713638d20}: 'void java.lang.invoke.DirectMethodHandle$Holder.invokeInterface(java.lang.Object, java.lang.Object, java.lang.Object, java.lang.Object)'> (0x0000000713638d20) 
thrown [s\src\hotspot\share\interpreter\linkResolver.cpp, line 773]
Event: 1.380 Thread 0x000001ce09f7e410 Exception <a 'java/io/IOException'{0x0000000713712410}> (0x0000000713712410) 
thrown [s\src\hotspot\share\prims\jni.cpp, line 520]
Event: 1.381 Thread 0x000001ce09f7e410 Exception <a 'java/lang/NoSuchMethodError'{0x0000000713714c40}: 'void java.lang.invoke.DirectMethodHandle$Holder.invokeInterface(java.lang.Object, java.lang.Object)'> (0x0000000713714c40) 
thrown [s\src\hotspot\share\interpreter\linkResolver.cpp, line 773]
Event: 1.456 Thread 0x000001ce09f7e410 Exception <a 'java/lang/NoSuchMethodError'{0x00000007137b1d98}: 'void java.lang.invoke.DirectMethodHandle$Holder.invokeStaticInit(java.lang.Object)'> (0x00000007137b1d98) 
thrown [s\src\hotspot\share\interpreter\linkResolver.cpp, line 773]
Event: 2.309 Thread 0x000001ce09f7e410 Exception <a 'java/io/IOException'{0x00000007133c5410}> (0x00000007133c5410) 
thrown [s\src\hotspot\share\prims\jni.cpp, line 520]

ZGC Phase Switch (0 events):
No events

VM Operations (20 events):
Event: 1755.320 Executing VM operation: Cleanup
Event: 1755.320 Executing VM operation: Cleanup done
Event: 1756.336 Executing VM operation: Cleanup
Event: 1756.336 Executing VM operation: Cleanup done
Event: 1812.114 Executing VM operation: G1CollectForAllocation (G1 Evacuation Pause)
Event: 1812.123 Executing VM operation: G1CollectForAllocation (G1 Evacuation Pause) done
Event: 2725.666 Executing VM operation: Cleanup
Event: 2725.666 Executing VM operation: Cleanup done
Event: 2726.677 Executing VM operation: Cleanup
Event: 2726.677 Executing VM operation: Cleanup done
Event: 2732.273 Executing VM operation: G1CollectForAllocation (G1 Evacuation Pause)
Event: 2732.282 Executing VM operation: G1CollectForAllocation (G1 Evacuation Pause) done
Event: 3084.765 Executing VM operation: Cleanup
Event: 3084.765 Executing VM operation: Cleanup done
Event: 3115.981 Executing VM operation: Cleanup
Event: 3115.981 Executing VM operation: Cleanup done
Event: 4204.022 Executing VM operation: G1CollectForAllocation (G1 Evacuation Pause)
Event: 4204.031 Executing VM operation: G1CollectForAllocation (G1 Evacuation Pause) done
Event: 6073.820 Executing VM operation: G1CollectForAllocation (G1 Evacuation Pause)
Event: 6073.828 Executing VM operation: G1CollectForAllocation (G1 Evacuation Pause) done

Memory protections (0 events):
No events

Nmethod flushes (0 events):
No events

Events (20 events):
Event: 0.080 Thread 0x000001ce09f7e410 Thread added: 0x000001ce6c1202a0
Event: 0.081 Thread 0x000001ce09f7e410 Thread added: 0x000001ce6c125ee0
Event: 0.334 Thread 0x000001ce09f7e410 Thread added: 0x000001ce6c303de0
Event: 0.336 Thread 0x000001ce09f7e410 Thread added: 0x000001ce6c308620
Event: 0.337 Thread 0x000001ce09f7e410 Thread added: 0x000001ce6c308c80
Event: 0.500 Thread 0x000001ce09f7e410 Thread added: 0x000001ce6c365f50
Event: 0.622 Thread 0x000001ce09f7e410 Thread added: 0x000001ce6ce02730
Event: 0.685 Thread 0x000001ce09f7e410 Thread added: 0x000001ce6cee8f60
Event: 0.728 Thread 0x000001ce26d7a9c0 Thread added: 0x000001ce6c36e5c0
Event: 1.180 Thread 0x000001ce26d7a9c0 Thread added: 0x000001ce6d181e80
Event: 1.468 Thread 0x000001ce6d181e80 Thread exited: 0x000001ce6d181e80
Event: 1.631 Thread 0x000001ce6c36e5c0 Thread exited: 0x000001ce6c36e5c0
Event: 2.301 Thread 0x000001ce26d7a9c0 Thread added: 0x000001ce6e10e200
Event: 2.479 Thread 0x000001ce09f7e410 Thread added: 0x000001ce6d09e1c0
Event: 2.559 Thread 0x000001ce09f7e410 Thread exited: 0x000001ce09f7e410
Event: 2.559 Thread 0x000001ce6d09eee0 Thread added: 0x000001ce6d09eee0
Event: 2.566 Thread 0x000001ce26d7a9c0 Thread added: 0x000001ce6c12b970
Event: 2.987 Thread 0x000001ce6c12b970 Thread exited: 0x000001ce6c12b970
Event: 3.000 Thread 0x000001ce6e10e200 Thread exited: 0x000001ce6e10e200
Event: 5.654 Thread 0x000001ce6c365f50 Thread exited: 0x000001ce6c365f50


Dynamic libraries:
0x00007ff7172c0000 - 0x00007ff7172ce000 	C:\Users\roger\.p2\pool\plugins\org.eclipse.justj.openjdk.hotspot.jre.full.win32.x86_64_21.0.6.v20250130-0529\jre\bin\javaw.exe
0x00007ffa9fe00000 - 0x00007ffaa0067000 	C:\Windows\SYSTEM32\ntdll.dll
0x00007ffa9f1a0000 - 0x00007ffa9f269000 	C:\Windows\System32\KERNEL32.DLL
0x00007ffa9cb50000 - 0x00007ffa9cf47000 	C:\Windows\System32\KERNELBASE.dll
0x00007ffa9da30000 - 0x00007ffa9db7b000 	C:\Windows\System32\ucrtbase.dll
0x00007ffa867e0000 - 0x00007ffa867fe000 	C:\Users\roger\.p2\pool\plugins\org.eclipse.justj.openjdk.hotspot.jre.full.win32.x86_64_21.0.6.v20250130-0529\jre\bin\VCRUNTIME140.dll
0x00007ffa868d0000 - 0x00007ffa868e8000 	C:\Users\roger\.p2\pool\plugins\org.eclipse.justj.openjdk.hotspot.jre.full.win32.x86_64_21.0.6.v20250130-0529\jre\bin\jli.dll
0x00007ffa9dc10000 - 0x00007ffa9ddd6000 	C:\Windows\System32\USER32.dll
0x00007ffa9c8f0000 - 0x00007ffa9c917000 	C:\Windows\System32\win32u.dll
0x00007ffa84730000 - 0x00007ffa849c2000 	C:\Windows\WinSxS\amd64_microsoft.windows.common-controls_6595b64144ccf1df_6.0.26100.8457_none_3e0b2faee331e92d\COMCTL32.dll
0x00007ffa9f270000 - 0x00007ffa9f319000 	C:\Windows\System32\msvcrt.dll
0x00007ffa9db90000 - 0x00007ffa9dbbb000 	C:\Windows\System32\GDI32.dll
0x00007ffa9cf50000 - 0x00007ffa9d07c000 	C:\Windows\System32\gdi32full.dll
0x00007ffa9d980000 - 0x00007ffa9da23000 	C:\Windows\System32\msvcp_win.dll
0x00007ffa9fcc0000 - 0x00007ffa9fcf2000 	C:\Windows\System32\IMM32.DLL
0x00007ffa8c0d0000 - 0x00007ffa8c0dc000 	C:\Users\roger\.p2\pool\plugins\org.eclipse.justj.openjdk.hotspot.jre.full.win32.x86_64_21.0.6.v20250130-0529\jre\bin\vcruntime140_1.dll
0x00007ffa62ce0000 - 0x00007ffa62d6d000 	C:\Users\roger\.p2\pool\plugins\org.eclipse.justj.openjdk.hotspot.jre.full.win32.x86_64_21.0.6.v20250130-0529\jre\bin\msvcp140.dll
0x00007ffa08470000 - 0x00007ffa09200000 	C:\Users\roger\.p2\pool\plugins\org.eclipse.justj.openjdk.hotspot.jre.full.win32.x86_64_21.0.6.v20250130-0529\jre\bin\server\jvm.dll
0x00007ffa9fd00000 - 0x00007ffa9fdb6000 	C:\Windows\System32\ADVAPI32.dll
0x00007ffa9ed60000 - 0x00007ffa9ee07000 	C:\Windows\System32\sechost.dll
0x00007ffa9dde0000 - 0x00007ffa9def8000 	C:\Windows\System32\RPCRT4.dll
0x00007ffa9f4c0000 - 0x00007ffa9f540000 	C:\Windows\System32\WS2_32.dll
0x00007ffa9c690000 - 0x00007ffa9c6ee000 	C:\Windows\SYSTEM32\POWRPROF.dll
0x00007ffa91e90000 - 0x00007ffa91ec6000 	C:\Windows\SYSTEM32\WINMM.dll
0x00007ffa89d60000 - 0x00007ffa89d6b000 	C:\Windows\SYSTEM32\VERSION.dll
0x00007ffa9c670000 - 0x00007ffa9c684000 	C:\Windows\SYSTEM32\UMPDC.dll
0x00007ffa9b520000 - 0x00007ffa9b53b000 	C:\Windows\SYSTEM32\kernel.appcore.dll
0x00007ffa89010000 - 0x00007ffa8901a000 	C:\Users\roger\.p2\pool\plugins\org.eclipse.justj.openjdk.hotspot.jre.full.win32.x86_64_21.0.6.v20250130-0529\jre\bin\jimage.dll
0x00007ffa9a5f0000 - 0x00007ffa9a832000 	C:\Windows\SYSTEM32\DBGHELP.DLL
0x00007ffa9ee10000 - 0x00007ffa9f193000 	C:\Windows\System32\combase.dll
0x00007ffa9df30000 - 0x00007ffa9e009000 	C:\Windows\System32\OLEAUT32.dll
0x00007ffa80fe0000 - 0x00007ffa8101b000 	C:\Windows\SYSTEM32\dbgcore.DLL
0x00007ffa9c920000 - 0x00007ffa9c9c8000 	C:\Windows\System32\bcryptPrimitives.dll
0x00007ffa88ff0000 - 0x00007ffa8900f000 	C:\Users\roger\.p2\pool\plugins\org.eclipse.justj.openjdk.hotspot.jre.full.win32.x86_64_21.0.6.v20250130-0529\jre\bin\java.dll
0x00007ffa9e0d0000 - 0x00007ffa9e83e000 	C:\Windows\System32\SHELL32.dll
0x00007ffa9d080000 - 0x00007ffa9d8ec000 	C:\Windows\System32\windows.storage.dll
0x00007ffa9fab0000 - 0x00007ffa9fba6000 	C:\Windows\System32\SHCORE.dll
0x00007ffa9e860000 - 0x00007ffa9e8c6000 	C:\Windows\System32\shlwapi.dll
0x00007ffa9c750000 - 0x00007ffa9c779000 	C:\Windows\SYSTEM32\profapi.dll
0x00007ffa633b0000 - 0x00007ffa633c8000 	C:\Users\roger\.p2\pool\plugins\org.eclipse.justj.openjdk.hotspot.jre.full.win32.x86_64_21.0.6.v20250130-0529\jre\bin\zip.dll
0x00007ffa87800000 - 0x00007ffa87810000 	C:\Users\roger\.p2\pool\plugins\org.eclipse.justj.openjdk.hotspot.jre.full.win32.x86_64_21.0.6.v20250130-0529\jre\bin\net.dll
0x00007ffa91d60000 - 0x00007ffa91e89000 	C:\Windows\SYSTEM32\WINHTTP.dll
0x00007ffa9bb30000 - 0x00007ffa9bb9c000 	C:\Windows\system32\mswsock.dll
0x00007ffa63390000 - 0x00007ffa633a6000 	C:\Users\roger\.p2\pool\plugins\org.eclipse.justj.openjdk.hotspot.jre.full.win32.x86_64_21.0.6.v20250130-0529\jre\bin\nio.dll
0x00007ffa3b500000 - 0x00007ffa3b68e000 	C:\Users\roger\.p2\pool\plugins\org.eclipse.justj.openjdk.hotspot.jre.full.win32.x86_64_21.0.6.v20250130-0529\jre\bin\awt.dll
0x00007ffa99a50000 - 0x00007ffa99af0000 	C:\Windows\SYSTEM32\apphelp.dll
0x00007ffa99ca0000 - 0x00007ffa99d4a000 	C:\Windows\system32\uxtheme.dll
0x00007ffa9f610000 - 0x00007ffa9f76c000 	C:\Windows\System32\MSCTF.dll
0x00007ffa9f320000 - 0x00007ffa9f4b7000 	C:\Windows\System32\ole32.dll
0x00007ffa9a170000 - 0x00007ffa9a19f000 	C:\Windows\system32\DWMAPI.DLL
0x00007ffa62360000 - 0x00007ffa6246f000 	C:\Windows\system32\opengl32.dll
0x00007ffa86800000 - 0x00007ffa8682d000 	C:\Windows\SYSTEM32\GLU32.dll
0x00007ffa99fb0000 - 0x00007ffa99ff5000 	C:\Windows\SYSTEM32\dxcore.dll
0x00007ffa9b070000 - 0x00007ffa9b1a2000 	C:\Windows\SYSTEM32\DNSAPI.dll
0x00007ffa9afd0000 - 0x00007ffa9b002000 	C:\Windows\SYSTEM32\IPHLPAPI.DLL
0x00007ffa9db80000 - 0x00007ffa9db8a000 	C:\Windows\System32\NSI.dll
0x00007ffa90e10000 - 0x00007ffa90e1b000 	C:\Windows\System32\rasadhlp.dll
0x00007ffa972a0000 - 0x00007ffa97326000 	C:\Windows\System32\fwpuclnt.dll
0x00007ffa86930000 - 0x00007ffa86939000 	C:\Users\roger\.p2\pool\plugins\org.eclipse.justj.openjdk.hotspot.jre.full.win32.x86_64_21.0.6.v20250130-0529\jre\bin\extnet.dll
0x00007ffa88fe0000 - 0x00007ffa88fee000 	C:\Users\roger\.p2\pool\plugins\org.eclipse.justj.openjdk.hotspot.jre.full.win32.x86_64_21.0.6.v20250130-0529\jre\bin\sunmscapi.dll
0x00007ffa9c9d0000 - 0x00007ffa9cb48000 	C:\Windows\System32\CRYPT32.dll
0x00007ffa9c030000 - 0x00007ffa9c060000 	C:\Windows\SYSTEM32\ncrypt.dll
0x00007ffa9bfe0000 - 0x00007ffa9c01f000 	C:\Windows\SYSTEM32\NTASN1.dll
0x00007ffa9be10000 - 0x00007ffa9be2b000 	C:\Windows\SYSTEM32\CRYPTSP.dll
0x00007ffa9b540000 - 0x00007ffa9b579000 	C:\Windows\system32\rsaenh.dll
0x00007ffa9bbe0000 - 0x00007ffa9bc13000 	C:\Windows\SYSTEM32\USERENV.dll
0x00007ffa9c720000 - 0x00007ffa9c74a000 	C:\Windows\SYSTEM32\bcrypt.dll
0x00007ffa9be30000 - 0x00007ffa9be3c000 	C:\Windows\SYSTEM32\CRYPTBASE.dll
0x00007ffa62c50000 - 0x00007ffa62cd7000 	C:\Users\roger\.p2\pool\plugins\org.eclipse.justj.openjdk.hotspot.jre.full.win32.x86_64_21.0.6.v20250130-0529\jre\bin\freetype.dll
0x00007ffa62640000 - 0x00007ffa6271b000 	C:\Users\roger\.p2\pool\plugins\org.eclipse.justj.openjdk.hotspot.jre.full.win32.x86_64_21.0.6.v20250130-0529\jre\bin\fontmanager.dll
0x00007ffa9f550000 - 0x00007ffa9f5fe000 	C:\Windows\System32\clbcatq.dll
0x00007ffa97d60000 - 0x00007ffa97f8d000 	C:\Windows\SYSTEM32\WindowsCodecs.dll
0x00007ffa884c0000 - 0x00007ffa8851a000 	C:\Windows\system32\dataexchange.dll
0x00007ffa8ba90000 - 0x00007ffa8bcde000 	C:\Windows\system32\twinapi.appcore.dll
0x00007ffa88520000 - 0x00007ffa88666000 	C:\Windows\SYSTEM32\textinputframework.dll

dbghelp: loaded successfully - version: 4.0.5 - missing functions: none
symbol engine: initialized successfully - sym options: 0x614 - pdb path: .;C:\Users\roger\.p2\pool\plugins\org.eclipse.justj.openjdk.hotspot.jre.full.win32.x86_64_21.0.6.v20250130-0529\jre\bin;C:\Windows\SYSTEM32;C:\Windows\WinSxS\amd64_microsoft.windows.common-controls_6595b64144ccf1df_6.0.26100.8457_none_3e0b2faee331e92d;C:\Users\roger\.p2\pool\plugins\org.eclipse.justj.openjdk.hotspot.jre.full.win32.x86_64_21.0.6.v20250130-0529\jre\bin\server

VM Arguments:
jvm_args: -Dfile.encoding=UTF-8 -Dstdout.encoding=UTF-8 -Dstderr.encoding=UTF-8 -XX:+ShowCodeDetailsInExceptionMessages 
java_command: main.Main
java_class_path (initial): C:\Users\roger\git\Projeto_PDS\Projeto_PDS\com.miglayout.swing_11.4.2.jar;C:\Users\roger\git\Projeto_PDS\Projeto_PDS\com.miglayout.core_11.4.2.jar;C:\Users\roger\git\Projeto_PDS\Projeto_PDS\bin;C:\Users\roger\git\Projeto_PDS\Projeto_PDS\conectorBancoDeDados\mysql-connector-j-9.6.0\mysql-connector-j-9.6.0.jar
Launcher Type: SUN_STANDARD

[Global flags]
     intx CICompilerCount                          = 4                                         {product} {ergonomic}
     uint ConcGCThreads                            = 3                                         {product} {ergonomic}
     uint G1ConcRefinementThreads                  = 10                                        {product} {ergonomic}
   size_t G1HeapRegionSize                         = 2097152                                   {product} {ergonomic}
    uintx GCDrainStackTargetSize                   = 64                                        {product} {ergonomic}
   size_t InitialHeapSize                          = 264241152                                 {product} {ergonomic}
   size_t MarkStackSize                            = 4194304                                   {product} {ergonomic}
   size_t MaxHeapSize                              = 4227858432                                {product} {ergonomic}
   size_t MaxNewSize                               = 2535456768                                {product} {ergonomic}
   size_t MinHeapDeltaBytes                        = 2097152                                   {product} {ergonomic}
   size_t MinHeapSize                              = 8388608                                   {product} {ergonomic}
    uintx NonNMethodCodeHeapSize                   = 5839372                                {pd product} {ergonomic}
    uintx NonProfiledCodeHeapSize                  = 122909434                              {pd product} {ergonomic}
    uintx ProfiledCodeHeapSize                     = 122909434                              {pd product} {ergonomic}
    uintx ReservedCodeCacheSize                    = 251658240                              {pd product} {ergonomic}
     bool SegmentedCodeCache                       = true                                      {product} {ergonomic}
     bool ShowCodeDetailsInExceptionMessages       = true                                   {manageable} {command line}
   size_t SoftMaxHeapSize                          = 4227858432                             {manageable} {ergonomic}
     bool UseCompressedOops                        = true                           {product lp64_product} {ergonomic}
     bool UseG1GC                                  = true                                      {product} {ergonomic}
     bool UseLargePagesIndividualAllocation        = false                                  {pd product} {ergonomic}

Logging:
Log output configuration:
 #0: stdout all=warning uptime,level,tags foldmultilines=false
 #1: stderr all=off uptime,level,tags foldmultilines=false

Environment Variables:
PATH=C:/Users/roger/.p2/pool/plugins/org.eclipse.justj.openjdk.hotspot.jre.full.win32.x86_64_21.0.6.v20250130-0529/jre/bin/server;C:/Users/roger/.p2/pool/plugins/org.eclipse.justj.openjdk.hotspot.jre.full.win32.x86_64_21.0.6.v20250130-0529/jre/bin;C:\Windows\system32;C:\Windows;C:\Windows\System32\Wbem;C:\Windows\System32\WindowsPowerShell\v1.0\;C:\Windows\System32\OpenSSH\;C:\Program Files\Git\cmd;C:\Program Files\MySQL\MySQL Shell 8.0\bin\;C:\Users\roger\AppData\Local\Microsoft\WindowsApps;C:\Users\roger\AppData\Local\Programs\Microsoft VS Code\bin;C:\Windows\System32;
USERNAME=roger
OS=Windows_NT
PROCESSOR_IDENTIFIER=Intel64 Family 6 Model 154 Stepping 4, GenuineIntel
TMP=C:\Users\roger\AppData\Local\Temp
TEMP=C:\Users\roger\AppData\Local\Temp




Periodic native trim disabled

---------------  S Y S T E M  ---------------

OS:
 Windows 11 , 64 bit Build 26100 (10.0.26100.8328)
OS uptime: 41 days 21:38 hours
Hyper-V role detected

CPU: total 12 (initial active 12) (6 cores per cpu, 2 threads per core) family 6 model 154 stepping 4 microcode 0x41b, cx8, cmov, fxsr, ht, mmx, 3dnowpref, sse, sse2, sse3, ssse3, sse4.1, sse4.2, popcnt, lzcnt, tsc, tscinvbit, avx, avx2, aes, erms, clmul, bmi1, bmi2, adx, sha, fma, vzeroupper, clflush, clflushopt, clwb, hv, serialize, rdtscp, rdpid, fsrm, f16c, cet_ibt, cet_ss
Processor Information for processor 0
  Max Mhz: 1300, Current Mhz: 1300, Mhz Limit: 1300
Processor Information for processor 1
  Max Mhz: 1300, Current Mhz: 1300, Mhz Limit: 1300
Processor Information for processor 2
  Max Mhz: 1300, Current Mhz: 1300, Mhz Limit: 1300
Processor Information for processor 3
  Max Mhz: 1300, Current Mhz: 1300, Mhz Limit: 1300
Processor Information for processor 4
  Max Mhz: 1300, Current Mhz: 900, Mhz Limit: 897
Processor Information for processor 5
  Max Mhz: 1300, Current Mhz: 900, Mhz Limit: 897
Processor Information for processor 6
  Max Mhz: 1300, Current Mhz: 900, Mhz Limit: 897
Processor Information for processor 7
  Max Mhz: 1300, Current Mhz: 900, Mhz Limit: 897
Processor Information for processor 8
  Max Mhz: 1300, Current Mhz: 900, Mhz Limit: 897
Processor Information for processor 9
  Max Mhz: 1300, Current Mhz: 900, Mhz Limit: 897
Processor Information for processor 10
  Max Mhz: 1300, Current Mhz: 900, Mhz Limit: 897
Processor Information for processor 11
  Max Mhz: 1300, Current Mhz: 900, Mhz Limit: 897

Memory: 4k page, system-wide physical 16124M (5049M free)
TotalPageFile size 20292M (AvailPageFile size 4704M)
current process WorkingSet (physical memory assigned to process): 85M, peak: 167M
current process commit charge ("private bytes"): 170M, peak: 393M

vm_info: OpenJDK 64-Bit Server VM (21.0.6+7-LTS) for windows-amd64 JRE (21.0.6+7-LTS), built on 2025-01-21T00:00:00Z by "admin" with MS VC++ 17.7 (VS2022)

END.
